app/build/intermediates/manifest_merge_blame_file/debug/processDebugMainManifest/manifest-merger-blame-debug-report.txt
1<?xml version="1.0" encoding="utf-8"?>
2<manifest xmlns:android="http://schemas.android.com/apk/res/android"
3    package="com.example.helloapp"
4    android:versionCode="1"
5    android:versionName="1.0" >
6
7    <uses-sdk
8        android:minSdkVersion="24"
9        android:targetSdkVersion="34" />
10
11    <uses-permission android:name="android.permission.INTERNET" />
11-->src/main/AndroidManifest.xml:5:5-67
11-->src/main/AndroidManifest.xml:5:22-64
12    <uses-permission android:name="android.permission.ACCESS_NETWORK_STATE" />
12-->src/main/AndroidManifest.xml:6:5-79
12-->src/main/AndroidManifest.xml:6:22-76
13    <uses-permission android:name="android.permission.ACCESS_FINE_LOCATION" />
13-->src/main/AndroidManifest.xml:7:5-79
13-->src/main/AndroidManifest.xml:7:22-76
14    <uses-permission android:name="android.permission.ACCESS_COARSE_LOCATION" />
14-->src/main/AndroidManifest.xml:8:5-81
14-->src/main/AndroidManifest.xml:8:22-78
15    <uses-permission android:name="android.permission.VIBRATE" />
15-->src/main/AndroidManifest.xml:9:5-66
15-->src/main/AndroidManifest.xml:9:22-63
16
17    <uses-feature
17-->[com.google.android.gms:play-services-maps:18.2.0] AndroidManifest.xml:26:5-28:35
18        android:glEsVersion="0x00020000"
18-->[com.google.android.gms:play-services-maps:18.2.0] AndroidManifest.xml:27:9-41
19        android:required="true" />
19-->[com.google.android.gms:play-services-maps:18.2.0] AndroidManifest.xml:28:9-32
20
21    <queries>
21-->[com.google.android.gms:play-services-maps:18.2.0] AndroidManifest.xml:30:5-34:15
22
23        <!-- Needs to be explicitly declared on Android R+ -->
24        <package android:name="com.google.android.apps.maps" />
24-->[com.google.android.gms:play-services-maps:18.2.0] AndroidManifest.xml:33:9-64
24-->[com.google.android.gms:play-services-maps:18.2.0] AndroidManifest.xml:33:18-61
25    </queries>
26
27    <permission
27-->[androidx.core:core:1.12.0] AndroidManifest.xml:22:5-24:47
28        android:name="com.example.helloapp.DYNAMIC_RECEIVER_NOT_EXPORTED_PERMISSION"
28-->[androidx.core:core:1.12.0] AndroidManifest.xml:23:9-81
29        android:protectionLevel="signature" />
29-->[androidx.core:core:1.12.0] AndroidManifest.xml:24:9-44
30
31    <uses-permission android:name="com.example.helloapp.DYNAMIC_RECEIVER_NOT_EXPORTED_PERMISSION" />
31-->[androidx.core:core:1.12.0] AndroidManifest.xml:26:5-97
31-->[androidx.core:core:1.12.0] AndroidManifest.xml:26:22-94
32
33    <application
33-->src/main/AndroidManifest.xml:11:5-64:19
34        android:allowBackup="true"
34-->src/main/AndroidManifest.xml:12:9-35
35        android:appComponentFactory="androidx.core.app.CoreComponentFactory"
35-->[androidx.core:core:1.12.0] AndroidManifest.xml:28:18-86
36        android:debuggable="true"
37        android:extractNativeLibs="false"
38        android:icon="@mipmap/ic_launcher"
38-->src/main/AndroidManifest.xml:13:9-43
39        android:label="@string/app_name"
39-->src/main/AndroidManifest.xml:14:9-41
40        android:roundIcon="@mipmap/ic_launcher_round"
40-->src/main/AndroidManifest.xml:15:9-54
41        android:supportsRtl="true"
41-->src/main/AndroidManifest.xml:16:9-35
42        android:testOnly="true"
43        android:theme="@style/Theme.HelloApp" >
43-->src/main/AndroidManifest.xml:17:9-46
44        <activity
44-->src/main/AndroidManifest.xml:19:9-26:20
45            android:name="com.example.helloapp.MainActivity"
45-->src/main/AndroidManifest.xml:20:13-41
46            android:exported="true" >
46-->src/main/AndroidManifest.xml:21:13-36
47            <intent-filter>
47-->src/main/AndroidManifest.xml:22:13-25:29
48                <action android:name="android.intent.action.MAIN" />
48-->src/main/AndroidManifest.xml:23:17-69
48-->src/main/AndroidManifest.xml:23:25-66
49
50                <category android:name="android.intent.category.LAUNCHER" />
50-->src/main/AndroidManifest.xml:24:17-77
50-->src/main/AndroidManifest.xml:24:27-74
51            </intent-filter>
52        </activity>
53        <activity
53-->src/main/AndroidManifest.xml:27:9-29:40
54            android:name="com.example.helloapp.MainActivitySimple"
54-->src/main/AndroidManifest.xml:28:13-47
55            android:exported="false" />
55-->src/main/AndroidManifest.xml:29:13-37
56        <activity
56-->src/main/AndroidManifest.xml:30:9-33:58
57            android:name="com.example.helloapp.ArticleDetailActivity"
57-->src/main/AndroidManifest.xml:31:13-50
58            android:exported="false"
58-->src/main/AndroidManifest.xml:32:13-37
59            android:parentActivityName="com.example.helloapp.MainActivity" />
59-->src/main/AndroidManifest.xml:33:13-55
60        <activity
60-->src/main/AndroidManifest.xml:34:9-37:58
61            android:name="com.example.helloapp.FavoritesActivity"
61-->src/main/AndroidManifest.xml:35:13-46
62            android:exported="false"
62-->src/main/AndroidManifest.xml:36:13-37
63            android:parentActivityName="com.example.helloapp.MainActivity" />
63-->src/main/AndroidManifest.xml:37:13-55
64        <activity
64-->src/main/AndroidManifest.xml:38:9-41:58
65            android:name="com.example.helloapp.VaccinationActivity"
65-->src/main/AndroidManifest.xml:39:13-48
66            android:exported="false"
66-->src/main/AndroidManifest.xml:40:13-37
67            android:parentActivityName="com.example.helloapp.MainActivity" />
67-->src/main/AndroidManifest.xml:41:13-55
68        <activity
68-->src/main/AndroidManifest.xml:42:9-45:58
69            android:name="com.example.helloapp.GrowthTrackerActivity"
69-->src/main/AndroidManifest.xml:43:13-50
70            android:exported="false"
70-->src/main/AndroidManifest.xml:44:13-37
71            android:parentActivityName="com.example.helloapp.MainActivity" />
71-->src/main/AndroidManifest.xml:45:13-55
72        <activity
72-->src/main/AndroidManifest.xml:46:9-49:58
73            android:name="com.example.helloapp.PregnancyTrackerActivity"
73-->src/main/AndroidManifest.xml:47:13-53
74            android:exported="false"
74-->src/main/AndroidManifest.xml:48:13-37
75            android:parentActivityName="com.example.helloapp.MainActivity" />
75-->src/main/AndroidManifest.xml:49:13-55
76        <activity
76-->src/main/AndroidManifest.xml:50:9-53:58
77            android:name="com.example.helloapp.RapidTestTimerActivity"
77-->src/main/AndroidManifest.xml:51:13-51
78            android:exported="false"
78-->src/main/AndroidManifest.xml:52:13-37
79            android:parentActivityName="com.example.helloapp.MainActivity" />
79-->src/main/AndroidManifest.xml:53:13-55
80        <activity
80-->src/main/AndroidManifest.xml:55:9-58:65
81            android:name="com.example.helloapp.OnboardingActivity"
81-->src/main/AndroidManifest.xml:56:13-47
82            android:exported="false"
82-->src/main/AndroidManifest.xml:57:13-37
83            android:theme="@style/Theme.HelloApp.NoActionBar" />
83-->src/main/AndroidManifest.xml:58:13-62
84
85        <!-- Google Maps API Key -->
86        <meta-data
86-->src/main/AndroidManifest.xml:61:9-63:55
87            android:name="com.google.android.geo.API_KEY"
87-->src/main/AndroidManifest.xml:62:13-58
88            android:value="@string/google_maps_key" />
88-->src/main/AndroidManifest.xml:63:13-52
89        <!-- Needs to be explicitly declared on P+ -->
90        <uses-library
90-->[com.google.android.gms:play-services-maps:18.2.0] AndroidManifest.xml:39:9-41:40
91            android:name="org.apache.http.legacy"
91-->[com.google.android.gms:play-services-maps:18.2.0] AndroidManifest.xml:40:13-50
92            android:required="false" />
92-->[com.google.android.gms:play-services-maps:18.2.0] AndroidManifest.xml:41:13-37
93
94        <activity
94-->[com.google.android.gms:play-services-base:18.1.0] AndroidManifest.xml:20:9-22:45
95            android:name="com.google.android.gms.common.api.GoogleApiActivity"
95-->[com.google.android.gms:play-services-base:18.1.0] AndroidManifest.xml:20:19-85
96            android:exported="false"
96-->[com.google.android.gms:play-services-base:18.1.0] AndroidManifest.xml:22:19-43
97            android:theme="@android:style/Theme.Translucent.NoTitleBar" />
97-->[com.google.android.gms:play-services-base:18.1.0] AndroidManifest.xml:21:19-78
98
99        <meta-data
99-->[com.google.android.gms:play-services-basement:18.1.0] AndroidManifest.xml:21:9-23:69
100            android:name="com.google.android.gms.version"
100-->[com.google.android.gms:play-services-basement:18.1.0] AndroidManifest.xml:22:13-58
101            android:value="@integer/google_play_services_version" />
101-->[com.google.android.gms:play-services-basement:18.1.0] AndroidManifest.xml:23:13-66
102
103        <provider
103-->[androidx.emoji2:emoji2:1.2.0] AndroidManifest.xml:24:9-32:20
104            android:name="androidx.startup.InitializationProvider"
104-->[androidx.emoji2:emoji2:1.2.0] AndroidManifest.xml:25:13-67
105            android:authorities="com.example.helloapp.androidx-startup"
105-->[androidx.emoji2:emoji2:1.2.0] AndroidManifest.xml:26:13-68
106            android:exported="false" >
106-->[androidx.emoji2:emoji2:1.2.0] AndroidManifest.xml:27:13-37
107            <meta-data
107-->[androidx.emoji2:emoji2:1.2.0] AndroidManifest.xml:29:13-31:52
108                android:name="androidx.emoji2.text.EmojiCompatInitializer"
108-->[androidx.emoji2:emoji2:1.2.0] AndroidManifest.xml:30:17-75
109                android:value="androidx.startup" />
109-->[androidx.emoji2:emoji2:1.2.0] AndroidManifest.xml:31:17-49
110            <meta-data
110-->[androidx.lifecycle:lifecycle-process:2.7.0] AndroidManifest.xml:29:13-31:52
111                android:name="androidx.lifecycle.ProcessLifecycleInitializer"
111-->[androidx.lifecycle:lifecycle-process:2.7.0] AndroidManifest.xml:30:17-78
112                android:value="androidx.startup" />
112-->[androidx.lifecycle:lifecycle-process:2.7.0] AndroidManifest.xml:31:17-49
113            <meta-data
113-->[androidx.profileinstaller:profileinstaller:1.3.0] AndroidManifest.xml:29:13-31:52
114                android:name="androidx.profileinstaller.ProfileInstallerInitializer"
114-->[androidx.profileinstaller:profileinstaller:1.3.0] AndroidManifest.xml:30:17-85
115                android:value="androidx.startup" />
115-->[androidx.profileinstaller:profileinstaller:1.3.0] AndroidManifest.xml:31:17-49
116        </provider>
117
118        <service
118-->[androidx.room:room-runtime:2.6.1] AndroidManifest.xml:24:9-28:63
119            android:name="androidx.room.MultiInstanceInvalidationService"
119-->[androidx.room:room-runtime:2.6.1] AndroidManifest.xml:25:13-74
120            android:directBootAware="true"
120-->[androidx.room:room-runtime:2.6.1] AndroidManifest.xml:26:13-43
121            android:exported="false" />
121-->[androidx.room:room-runtime:2.6.1] AndroidManifest.xml:27:13-37
122
123        <receiver
123-->[androidx.profileinstaller:profileinstaller:1.3.0] AndroidManifest.xml:34:9-52:20
124            android:name="androidx.profileinstaller.ProfileInstallReceiver"
124-->[androidx.profileinstaller:profileinstaller:1.3.0] AndroidManifest.xml:35:13-76
125            android:directBootAware="false"
125-->[androidx.profileinstaller:profileinstaller:1.3.0] AndroidManifest.xml:36:13-44
126            android:enabled="true"
126-->[androidx.profileinstaller:profileinstaller:1.3.0] AndroidManifest.xml:37:13-35
127            android:exported="true"
127-->[androidx.profileinstaller:profileinstaller:1.3.0] AndroidManifest.xml:38:13-36
128            android:permission="android.permission.DUMP" >
128-->[androidx.profileinstaller:profileinstaller:1.3.0] AndroidManifest.xml:39:13-57
129            <intent-filter>
129-->[androidx.profileinstaller:profileinstaller:1.3.0] AndroidManifest.xml:40:13-42:29
130                <action android:name="androidx.profileinstaller.action.INSTALL_PROFILE" />
130-->[androidx.profileinstaller:profileinstaller:1.3.0] AndroidManifest.xml:41:17-91
130-->[androidx.profileinstaller:profileinstaller:1.3.0] AndroidManifest.xml:41:25-88
131            </intent-filter>
132            <intent-filter>
132-->[androidx.profileinstaller:profileinstaller:1.3.0] AndroidManifest.xml:43:13-45:29
133                <action android:name="androidx.profileinstaller.action.SKIP_FILE" />
133-->[androidx.profileinstaller:profileinstaller:1.3.0] AndroidManifest.xml:44:17-85
133-->[androidx.profileinstaller:profileinstaller:1.3.0] AndroidManifest.xml:44:25-82
134            </intent-filter>
135            <intent-filter>
135-->[androidx.profileinstaller:profileinstaller:1.3.0] AndroidManifest.xml:46:13-48:29
136                <action android:name="androidx.profileinstaller.action.SAVE_PROFILE" />
136-->[androidx.profileinstaller:profileinstaller:1.3.0] AndroidManifest.xml:47:17-88
136-->[androidx.profileinstaller:profileinstaller:1.3.0] AndroidManifest.xml:47:25-85
137            </intent-filter>
138            <intent-filter>
138-->[androidx.profileinstaller:profileinstaller:1.3.0] AndroidManifest.xml:49:13-51:29
139                <action android:name="androidx.profileinstaller.action.BENCHMARK_OPERATION" />
139-->[androidx.profileinstaller:profileinstaller:1.3.0] AndroidManifest.xml:50:17-95
139-->[androidx.profileinstaller:profileinstaller:1.3.0] AndroidManifest.xml:50:25-92
140            </intent-filter>
141        </receiver>
142    </application>
143
144</manifest>